Using pre-set license
Built from '2020.3/staging' branch; Version is '2020.3.11f1 (99c7afb366b3) revision 10078127'; Using compiler version '192528614'; Build Type 'Release'
OS: 'Windows 10 Pro; OS build 19042.1237; Version 2009; 64bit' Language: 'zh' Physical Memory: 8191 MB
BatchMode: 1, IsHumanControllingUs: 0, StartBugReporterOnCrash: 0, Is64bit: 1, IsPro: 0

 COMMAND LINE ARGUMENTS:
C:\Program Files\Unity\Hub\Editor\2020.3.11f1\Editor\Unity.exe
-adb2
-batchMode
-noUpm
-name
AssetImportWorker0
-projectPath
F:/Prg/CSharp/UnityListView-master
-logFile
Logs/AssetImportWorker0.log
-srvPort
52204
Successfully changed project path to: F:/Prg/CSharp/UnityListView-master
F:/Prg/CSharp/UnityListView-master
Using Asset Import Pipeline V2.
Refreshing native plugins compatible for Editor in 122.70 ms, found 2 plugins.
Preloading 0 native plugins for Editor in 0.00 ms.
Initialize engine version: 2020.3.11f1 (99c7afb366b3)
[Subsystems] Discovering subsystems at path C:/Program Files/Unity/Hub/Editor/2020.3.11f1/Editor/Data/Resources/UnitySubsystems
[Subsystems] Discovering subsystems at path F:/Prg/CSharp/UnityListView-master/Assets
GfxDevice: creating device client; threaded=0
Direct3D:
    Version:  Direct3D 11.0 [level 10.1]
    Renderer: NVIDIA GeForce 210  (ID=0xa65)
    Vendor:   
    VRAM:     459 MB
    Driver:   9.18.13.4174
Initialize mono
Mono path[0] = 'C:/Program Files/Unity/Hub/Editor/2020.3.11f1/Editor/Data/Managed'
Mono path[1] = 'C:/Program Files/Unity/Hub/Editor/2020.3.11f1/Editor/Data/MonoBleedingEdge/lib/mono/unityjit'
Mono config path = 'C:/Program Files/Unity/Hub/Editor/2020.3.11f1/Editor/Data/MonoBleedingEdge/etc'
Using monoOptions --debugger-agent=transport=dt_socket,embedding=1,server=y,suspend=n,address=127.0.0.1:56736
Begin MonoManager ReloadAssembly
Registering precompiled unity dll's ...
Register platform support module: C:/Program Files/Unity/Hub/Editor/2020.3.11f1/Editor/Data/PlaybackEngines/WebGLSupport/UnityEditor.WebGL.Extensions.dll
Register platform support module: C:/Program Files/Unity/Hub/Editor/2020.3.11f1/Editor/Data/PlaybackEngines/WindowsStandaloneSupport/UnityEditor.WindowsStandalone.Extensions.dll
Registered in 0.006794 seconds.
Native extension for WindowsStandalone target not found
Native extension for WebGL target not found
Refreshing native plugins compatible for Editor in 62.45 ms, found 2 plugins.
Preloading 0 native plugins for Editor in 0.00 ms.
Mono: successfully reloaded assembly
- Completed reload, in  4.358 seconds
Platform modules already initialized, skipping
Registering precompiled user dll's ...
Registered in 0.005506 seconds.
Begin MonoManager ReloadAssembly
Native extension for WindowsStandalone target not found
Native extension for WebGL target not found
Refreshing native plugins compatible for Editor in 0.92 ms, found 2 plugins.
Preloading 0 native plugins for Editor in 0.00 ms.
Mono: successfully reloaded assembly
- Completed reload, in  2.466 seconds
Platform modules already initialized, skipping
========================================================================
Worker process is ready to serve import requests
Launched and connected shader compiler UnityShaderCompiler.exe after 0.10 seconds
Refreshing native plugins compatible for Editor in 1.59 ms, found 2 plugins.
Preloading 0 native plugins for Editor in 0.00 ms.
Unloading 1390 Unused Serialized files (Serialized files now loaded: 0)
System memory in use before: 68.5 MB.
System memory in use after: 68.5 MB.

Unloading 18 unused Assets to reduce memory usage. Loaded Objects now: 1830.
Total: 4.800700 ms (FindLiveObjects: 0.427300 ms CreateObjectMapping: 0.087900 ms MarkObjects: 4.114500 ms  DeleteObjects: 0.168000 ms)

========================================================================
Received Import Request.
  path: Assets/ListView/Examples/ItemVertical.prefab
  artifactKey: Guid(ca753909c8af8e540a22eb3715d5ef98) Importer(815301076,1909f56bfc062723c751e8b465ee728b)
Start importing Assets/ListView/Examples/ItemVertical.prefab using Guid(ca753909c8af8e540a22eb3715d5ef98) Importer(815301076,1909f56bfc062723c751e8b465ee728b)  -> (artifact id: '1e733454b23e2ee1c6de852229ccfada') in 0.172569 seconds
  Import took 0.187060 seconds .

========================================================================
Received Import Request.
  Time since last request: 0.000390 seconds.
  path: Assets/ListView/Examples/DemoMain.prefab
  artifactKey: Guid(3a0fff088a747dd4aa53e85704d317dd) Importer(815301076,1909f56bfc062723c751e8b465ee728b)
Start importing Assets/ListView/Examples/DemoMain.prefab using Guid(3a0fff088a747dd4aa53e85704d317dd) Importer(815301076,1909f56bfc062723c751e8b465ee728b)  -> (artifact id: '1fc3677499856ecce9bfd45b6a3593eb') in 0.033768 seconds
  Import took 0.046142 seconds .

========================================================================
Received Import Request.
  Time since last request: 3.280839 seconds.
  path: Assets/ListView/Examples/DemoMain.cs
  artifactKey: Guid(aa51ead7a1fa19a48867a3984d2ef9ce) Importer(815301076,1909f56bfc062723c751e8b465ee728b)
Start importing Assets/ListView/Examples/DemoMain.cs using Guid(aa51ead7a1fa19a48867a3984d2ef9ce) Importer(815301076,1909f56bfc062723c751e8b465ee728b)  -> (artifact id: '9a800f0a2cde7c8eecf7e0e5a455feca') in 0.025878 seconds
  Import took 0.035372 seconds .

========================================================================
Received Import Request.
  Time since last request: 0.023735 seconds.
  path: Assets/ListView/Examples/DemoMain.cs
  artifactKey: Guid(aa51ead7a1fa19a48867a3984d2ef9ce) Importer(815301076,1909f56bfc062723c751e8b465ee728b)
Start importing Assets/ListView/Examples/DemoMain.cs using Guid(aa51ead7a1fa19a48867a3984d2ef9ce) Importer(815301076,1909f56bfc062723c751e8b465ee728b)  -> (artifact id: '9a800f0a2cde7c8eecf7e0e5a455feca') in 0.014405 seconds
  Import took 0.019387 seconds .

