Using pre-set license
Built from '2020.3/staging' branch; Version is '2020.3.11f1 (99c7afb366b3) revision 10078127'; Using compiler version '192528614'; Build Type 'Release'
OS: 'Windows 10 Pro; OS build 19042.1288; Version 2009; 64bit' Language: 'zh' Physical Memory: 8191 MB
BatchMode: 1, IsHumanControllingUs: 0, StartBugReporterOnCrash: 0, Is64bit: 1, IsPro: 0

 COMMAND LINE ARGUMENTS:
C:\Program Files\Unity\Hub\Editor\2020.3.11f1\Editor\Unity.exe
-adb2
-batchMode
-noUpm
-name
AssetImportWorker2
-projectPath
F:/Prg/CSharp/UnityListView-master
-logFile
Logs/AssetImportWorker2.log
-srvPort
63412
Successfully changed project path to: F:/Prg/CSharp/UnityListView-master
F:/Prg/CSharp/UnityListView-master
Using Asset Import Pipeline V2.
Refreshing native plugins compatible for Editor in 130.82 ms, found 2 plugins.
Preloading 0 native plugins for Editor in 0.00 ms.
Initialize engine version: 2020.3.11f1 (99c7afb366b3)
[Subsystems] Discovering subsystems at path C:/Program Files/Unity/Hub/Editor/2020.3.11f1/Editor/Data/Resources/UnitySubsystems
[Subsystems] Discovering subsystems at path F:/Prg/CSharp/UnityListView-master/Assets
GfxDevice: creating device client; threaded=0
Direct3D:
    Version:  Direct3D 11.0 [level 10.1]
    Renderer: NVIDIA GeForce 210  (ID=0xa65)
    Vendor:   
    VRAM:     459 MB
    Driver:   9.18.13.4174
Initialize mono
Mono path[0] = 'C:/Program Files/Unity/Hub/Editor/2020.3.11f1/Editor/Data/Managed'
Mono path[1] = 'C:/Program Files/Unity/Hub/Editor/2020.3.11f1/Editor/Data/MonoBleedingEdge/lib/mono/unityjit'
Mono config path = 'C:/Program Files/Unity/Hub/Editor/2020.3.11f1/Editor/Data/MonoBleedingEdge/etc'
Using monoOptions --debugger-agent=transport=dt_socket,embedding=1,server=y,suspend=n,address=127.0.0.1:56740
Begin MonoManager ReloadAssembly
Registering precompiled unity dll's ...
Register platform support module: C:/Program Files/Unity/Hub/Editor/2020.3.11f1/Editor/Data/PlaybackEngines/WebGLSupport/UnityEditor.WebGL.Extensions.dll
Register platform support module: C:/Program Files/Unity/Hub/Editor/2020.3.11f1/Editor/Data/PlaybackEngines/WindowsStandaloneSupport/UnityEditor.WindowsStandalone.Extensions.dll
Registered in 0.004723 seconds.
Native extension for WindowsStandalone target not found
Native extension for WebGL target not found
Refreshing native plugins compatible for Editor in 151.23 ms, found 2 plugins.
Preloading 0 native plugins for Editor in 0.00 ms.
Mono: successfully reloaded assembly
- Completed reload, in  5.079 seconds
Platform modules already initialized, skipping
Registering precompiled user dll's ...
Registered in 0.011569 seconds.
Begin MonoManager ReloadAssembly
Native extension for WindowsStandalone target not found
Native extension for WebGL target not found
Refreshing native plugins compatible for Editor in 0.66 ms, found 2 plugins.
Preloading 0 native plugins for Editor in 0.00 ms.
Mono: successfully reloaded assembly
- Completed reload, in 11.612 seconds
Platform modules already initialized, skipping
========================================================================
Worker process is ready to serve import requests
Launched and connected shader compiler UnityShaderCompiler.exe after 0.20 seconds
Refreshing native plugins compatible for Editor in 0.65 ms, found 2 plugins.
Preloading 0 native plugins for Editor in 0.00 ms.
Unloading 1391 Unused Serialized files (Serialized files now loaded: 0)
System memory in use before: 68.7 MB.
System memory in use after: 68.8 MB.

Unloading 19 unused Assets to reduce memory usage. Loaded Objects now: 1830.
Total: 5.595600 ms (FindLiveObjects: 0.404800 ms CreateObjectMapping: 0.103600 ms MarkObjects: 4.921700 ms  DeleteObjects: 0.162000 ms)

========================================================================
Received Import Request.
  path: Assets/ListView/Examples/DemoMain.cs
  artifactKey: Guid(aa51ead7a1fa19a48867a3984d2ef9ce) Importer(815301076,1909f56bfc062723c751e8b465ee728b)
Start importing Assets/ListView/Examples/DemoMain.cs using Guid(aa51ead7a1fa19a48867a3984d2ef9ce) Importer(815301076,1909f56bfc062723c751e8b465ee728b)  -> (artifact id: '3be4eb8a2534620e55a5610bd0b9e2e1') in 0.082550 seconds
  Import took 0.096356 seconds .

========================================================================
Received Import Request.
  Time since last request: 2.610732 seconds.
  path: Assets/ListView/Examples/DemoMain.cs
  artifactKey: Guid(aa51ead7a1fa19a48867a3984d2ef9ce) Importer(815301076,1909f56bfc062723c751e8b465ee728b)
Start importing Assets/ListView/Examples/DemoMain.cs using Guid(aa51ead7a1fa19a48867a3984d2ef9ce) Importer(815301076,1909f56bfc062723c751e8b465ee728b)  -> (artifact id: 'bd0e4f4543ceb848870ace8c47c4d603') in 0.047775 seconds
  Import took 0.065812 seconds .

========================================================================
Received Import Request.
  Time since last request: 0.538481 seconds.
  path: Assets/ListView/Examples/DemoMain.cs
  artifactKey: Guid(aa51ead7a1fa19a48867a3984d2ef9ce) Importer(815301076,1909f56bfc062723c751e8b465ee728b)
Start importing Assets/ListView/Examples/DemoMain.cs using Guid(aa51ead7a1fa19a48867a3984d2ef9ce) Importer(815301076,1909f56bfc062723c751e8b465ee728b)  -> (artifact id: 'bd0e4f4543ceb848870ace8c47c4d603') in 0.022973 seconds
  Import took 0.032237 seconds .

========================================================================
Received Prepare
Registering precompiled user dll's ...
Registered in 0.009721 seconds.
Begin MonoManager ReloadAssembly
Native extension for WindowsStandalone target not found
Native extension for WebGL target not found
Refreshing native plugins compatible for Editor in 0.74 ms, found 2 plugins.
Preloading 0 native plugins for Editor in 0.00 ms.
Mono: successfully reloaded assembly
- Completed reload, in  2.750 seconds
Platform modules already initialized, skipping
Refreshing native plugins compatible for Editor in 0.78 ms, found 2 plugins.
Preloading 0 native plugins for Editor in 0.00 ms.
Unloading 1385 Unused Serialized files (Serialized files now loaded: 0)
System memory in use before: 68.4 MB.
System memory in use after: 68.5 MB.

Unloading 14 unused Assets to reduce memory usage. Loaded Objects now: 1833.
Total: 4.995700 ms (FindLiveObjects: 0.456100 ms CreateObjectMapping: 0.105900 ms MarkObjects: 4.380100 ms  DeleteObjects: 0.050500 ms)

========================================================================
Received Prepare
Registering precompiled user dll's ...
Registered in 0.010913 seconds.
Begin MonoManager ReloadAssembly
Native extension for WindowsStandalone target not found
Native extension for WebGL target not found
Refreshing native plugins compatible for Editor in 0.64 ms, found 2 plugins.
Preloading 0 native plugins for Editor in 0.00 ms.
Mono: successfully reloaded assembly
- Completed reload, in  2.881 seconds
Platform modules already initialized, skipping
Refreshing native plugins compatible for Editor in 0.88 ms, found 2 plugins.
Preloading 0 native plugins for Editor in 0.00 ms.
Unloading 1385 Unused Serialized files (Serialized files now loaded: 0)
System memory in use before: 68.4 MB.
System memory in use after: 68.5 MB.

Unloading 14 unused Assets to reduce memory usage. Loaded Objects now: 1836.
Total: 5.008000 ms (FindLiveObjects: 0.432800 ms CreateObjectMapping: 0.084200 ms MarkObjects: 4.446400 ms  DeleteObjects: 0.040800 ms)

========================================================================
Received Import Request.
  Time since last request: 298.914054 seconds.
  path: Assets/ListView/Examples/DemoMain.cs
  artifactKey: Guid(aa51ead7a1fa19a48867a3984d2ef9ce) Importer(815301076,1909f56bfc062723c751e8b465ee728b)
Start importing Assets/ListView/Examples/DemoMain.cs using Guid(aa51ead7a1fa19a48867a3984d2ef9ce) Importer(815301076,1909f56bfc062723c751e8b465ee728b)  -> (artifact id: '8ea273a439529d83b51d75c10c7582ca') in 0.013038 seconds
  Import took 0.026835 seconds .

========================================================================
Received Prepare
Registering precompiled user dll's ...
Registered in 0.017452 seconds.
Begin MonoManager ReloadAssembly
Native extension for WindowsStandalone target not found
Native extension for WebGL target not found
Refreshing native plugins compatible for Editor in 0.61 ms, found 2 plugins.
Preloading 0 native plugins for Editor in 0.00 ms.
Mono: successfully reloaded assembly
- Completed reload, in  2.726 seconds
Platform modules already initialized, skipping
Refreshing native plugins compatible for Editor in 0.68 ms, found 2 plugins.
Preloading 0 native plugins for Editor in 0.00 ms.
Unloading 1385 Unused Serialized files (Serialized files now loaded: 0)
System memory in use before: 68.5 MB.
System memory in use after: 68.6 MB.

Unloading 14 unused Assets to reduce memory usage. Loaded Objects now: 1839.
Total: 4.760300 ms (FindLiveObjects: 0.407500 ms CreateObjectMapping: 0.105200 ms MarkObjects: 4.196200 ms  DeleteObjects: 0.047800 ms)

========================================================================
Received Prepare
Registering precompiled user dll's ...
Registered in 0.038504 seconds.
Begin MonoManager ReloadAssembly
Native extension for WindowsStandalone target not found
Native extension for WebGL target not found
Refreshing native plugins compatible for Editor in 0.62 ms, found 2 plugins.
Preloading 0 native plugins for Editor in 0.00 ms.
Mono: successfully reloaded assembly
- Completed reload, in  2.621 seconds
Platform modules already initialized, skipping
Refreshing native plugins compatible for Editor in 0.67 ms, found 2 plugins.
Preloading 0 native plugins for Editor in 0.00 ms.
Unloading 1385 Unused Serialized files (Serialized files now loaded: 0)
System memory in use before: 68.5 MB.
System memory in use after: 68.6 MB.

Unloading 14 unused Assets to reduce memory usage. Loaded Objects now: 1842.
Total: 4.837500 ms (FindLiveObjects: 0.414600 ms CreateObjectMapping: 0.101800 ms MarkObjects: 4.275800 ms  DeleteObjects: 0.042400 ms)

========================================================================
Received Prepare
Registering precompiled user dll's ...
Registered in 0.019437 seconds.
Begin MonoManager ReloadAssembly
Native extension for WindowsStandalone target not found
Native extension for WebGL target not found
Refreshing native plugins compatible for Editor in 0.81 ms, found 2 plugins.
Preloading 0 native plugins for Editor in 0.00 ms.
Mono: successfully reloaded assembly
- Completed reload, in  2.860 seconds
Platform modules already initialized, skipping
Refreshing native plugins compatible for Editor in 0.73 ms, found 2 plugins.
Preloading 0 native plugins for Editor in 0.00 ms.
Unloading 1385 Unused Serialized files (Serialized files now loaded: 0)
System memory in use before: 68.5 MB.
System memory in use after: 68.6 MB.

Unloading 14 unused Assets to reduce memory usage. Loaded Objects now: 1845.
Total: 4.562700 ms (FindLiveObjects: 0.427100 ms CreateObjectMapping: 0.103200 ms MarkObjects: 3.986100 ms  DeleteObjects: 0.043300 ms)

========================================================================
Received Import Request.
  Time since last request: 235.491359 seconds.
  path: Assets/ListView/Examples/DemoMain.cs
  artifactKey: Guid(aa51ead7a1fa19a48867a3984d2ef9ce) Importer(815301076,1909f56bfc062723c751e8b465ee728b)
Start importing Assets/ListView/Examples/DemoMain.cs using Guid(aa51ead7a1fa19a48867a3984d2ef9ce) Importer(815301076,1909f56bfc062723c751e8b465ee728b)  -> (artifact id: '924c35d8f5fe0d8051f8bc9241a0856e') in 0.045663 seconds
  Import took 0.060780 seconds .

========================================================================
Received Prepare
Refreshing native plugins compatible for Editor in 5.98 ms, found 2 plugins.
Preloading 0 native plugins for Editor in 0.00 ms.
Unloading 12 Unused Serialized files (Serialized files now loaded: 0)
System memory in use before: 41.4 MB.
System memory in use after: 41.6 MB.

Unloading 12 unused Assets to reduce memory usage. Loaded Objects now: 1845.
Total: 5.874800 ms (FindLiveObjects: 0.352600 ms CreateObjectMapping: 0.088200 ms MarkObjects: 5.401700 ms  DeleteObjects: 0.030200 ms)

========================================================================
Received Prepare
Registering precompiled user dll's ...
Registered in 0.010612 seconds.
Begin MonoManager ReloadAssembly
Native extension for WindowsStandalone target not found
Native extension for WebGL target not found
Refreshing native plugins compatible for Editor in 0.69 ms, found 2 plugins.
Preloading 0 native plugins for Editor in 0.00 ms.
Mono: successfully reloaded assembly
- Completed reload, in  2.545 seconds
Platform modules already initialized, skipping
Refreshing native plugins compatible for Editor in 0.71 ms, found 2 plugins.
Preloading 0 native plugins for Editor in 0.00 ms.
Unloading 1385 Unused Serialized files (Serialized files now loaded: 0)
System memory in use before: 68.5 MB.
System memory in use after: 68.6 MB.

Unloading 14 unused Assets to reduce memory usage. Loaded Objects now: 1848.
Total: 4.720200 ms (FindLiveObjects: 0.493000 ms CreateObjectMapping: 0.121600 ms MarkObjects: 4.059300 ms  DeleteObjects: 0.043600 ms)

========================================================================
Received Prepare
Registering precompiled user dll's ...
Registered in 0.006030 seconds.
Begin MonoManager ReloadAssembly
Native extension for WindowsStandalone target not found
Native extension for WebGL target not found
Refreshing native plugins compatible for Editor in 1.84 ms, found 2 plugins.
Preloading 0 native plugins for Editor in 0.00 ms.
Mono: successfully reloaded assembly
- Completed reload, in  4.856 seconds
Platform modules already initialized, skipping
Refreshing native plugins compatible for Editor in 0.71 ms, found 2 plugins.
Preloading 0 native plugins for Editor in 0.00 ms.
Unloading 1385 Unused Serialized files (Serialized files now loaded: 0)
System memory in use before: 68.5 MB.
System memory in use after: 68.6 MB.

Unloading 14 unused Assets to reduce memory usage. Loaded Objects now: 1851.
Total: 5.330500 ms (FindLiveObjects: 0.425700 ms CreateObjectMapping: 0.121100 ms MarkObjects: 4.732800 ms  DeleteObjects: 0.047600 ms)

