Using pre-set license
Built from '2020.3/staging' branch; Version is '2020.3.11f1 (99c7afb366b3) revision 10078127'; Using compiler version '192528614'; Build Type 'Release'
OS: 'Windows 10 Pro; OS build 19041.1083; Version 2004; 64bit' Language: 'zh' Physical Memory: 16276 MB
BatchMode: 1, IsHumanControllingUs: 0, StartBugReporterOnCrash: 0, Is64bit: 1, IsPro: 0

 COMMAND LINE ARGUMENTS:
C:\Program Files\Unity\Hub\Editor\2020.3.11f1\Editor\Unity.exe
-adb2
-batchMode
-noUpm
-name
AssetImportWorker1
-projectPath
E:/Prg/Csharp/UnityListView-master
-logFile
Logs/AssetImportWorker1.log
-srvPort
53841
Successfully changed project path to: E:/Prg/Csharp/UnityListView-master
E:/Prg/Csharp/UnityListView-master
Using Asset Import Pipeline V2.
Refreshing native plugins compatible for Editor in 212.22 ms, found 2 plugins.
Preloading 0 native plugins for Editor in 0.00 ms.
Initialize engine version: 2020.3.11f1 (99c7afb366b3)
[Subsystems] Discovering subsystems at path C:/Program Files/Unity/Hub/Editor/2020.3.11f1/Editor/Data/Resources/UnitySubsystems
[Subsystems] Discovering subsystems at path E:/Prg/Csharp/UnityListView-master/Assets
GfxDevice: creating device client; threaded=0
Direct3D:
    Version:  Direct3D 11.0 [level 11.1]
    Renderer: Intel(R) HD Graphics 630 (ID=0x5912)
    Vendor:   
    VRAM:     8138 MB
    Driver:   27.20.100.8681
Initialize mono
Mono path[0] = 'C:/Program Files/Unity/Hub/Editor/2020.3.11f1/Editor/Data/Managed'
Mono path[1] = 'C:/Program Files/Unity/Hub/Editor/2020.3.11f1/Editor/Data/MonoBleedingEdge/lib/mono/unityjit'
Mono config path = 'C:/Program Files/Unity/Hub/Editor/2020.3.11f1/Editor/Data/MonoBleedingEdge/etc'
Using monoOptions --debugger-agent=transport=dt_socket,embedding=1,server=y,suspend=n,address=127.0.0.1:56404
Begin MonoManager ReloadAssembly
Registering precompiled unity dll's ...
Register platform support module: C:/Program Files/Unity/Hub/Editor/2020.3.11f1/Editor/Data/PlaybackEngines/WebGLSupport/UnityEditor.WebGL.Extensions.dll
Register platform support module: C:/Program Files/Unity/Hub/Editor/2020.3.11f1/Editor/Data/PlaybackEngines/WindowsStandaloneSupport/UnityEditor.WindowsStandalone.Extensions.dll
Registered in 0.013145 seconds.
Native extension for WindowsStandalone target not found
Native extension for WebGL target not found
Refreshing native plugins compatible for Editor in 71.67 ms, found 2 plugins.
Preloading 0 native plugins for Editor in 0.00 ms.
Mono: successfully reloaded assembly
- Completed reload, in  5.667 seconds
Platform modules already initialized, skipping
Registering precompiled user dll's ...
Registered in 0.007975 seconds.
Begin MonoManager ReloadAssembly
Native extension for WindowsStandalone target not found
Native extension for WebGL target not found
Refreshing native plugins compatible for Editor in 0.58 ms, found 2 plugins.
Preloading 0 native plugins for Editor in 0.00 ms.
Mono: successfully reloaded assembly
- Completed reload, in  2.406 seconds
Platform modules already initialized, skipping
========================================================================
Worker process is ready to serve import requests
Launched and connected shader compiler UnityShaderCompiler.exe after 0.59 seconds
Refreshing native plugins compatible for Editor in 0.56 ms, found 2 plugins.
Preloading 0 native plugins for Editor in 0.00 ms.
Unloading 1389 Unused Serialized files (Serialized files now loaded: 0)
System memory in use before: 67.9 MB.
System memory in use after: 68.0 MB.

Unloading 18 unused Assets to reduce memory usage. Loaded Objects now: 1825.
Total: 3.082700 ms (FindLiveObjects: 0.229900 ms CreateObjectMapping: 0.083100 ms MarkObjects: 2.664600 ms  DeleteObjects: 0.103000 ms)

========================================================================
Received Import Request.
  path: Assets/ListView/Examples/DemoMain.cs
  artifactKey: Guid(aa51ead7a1fa19a48867a3984d2ef9ce) Importer(815301076,1909f56bfc062723c751e8b465ee728b)
Start importing Assets/ListView/Examples/DemoMain.cs using Guid(aa51ead7a1fa19a48867a3984d2ef9ce) Importer(815301076,1909f56bfc062723c751e8b465ee728b)  -> (artifact id: 'e6021256c76910561055d6071faf1344') in 0.079085 seconds
  Import took 0.082755 seconds .

========================================================================
Received Prepare
Registering precompiled user dll's ...
Registered in 0.040681 seconds.
Begin MonoManager ReloadAssembly
Native extension for WindowsStandalone target not found
Native extension for WebGL target not found
Refreshing native plugins compatible for Editor in 0.51 ms, found 2 plugins.
Preloading 0 native plugins for Editor in 0.00 ms.
Mono: successfully reloaded assembly
- Completed reload, in  1.723 seconds
Platform modules already initialized, skipping
Refreshing native plugins compatible for Editor in 0.31 ms, found 2 plugins.
Preloading 0 native plugins for Editor in 0.00 ms.
Unloading 1383 Unused Serialized files (Serialized files now loaded: 0)
System memory in use before: 67.6 MB.
System memory in use after: 67.7 MB.

Unloading 13 unused Assets to reduce memory usage. Loaded Objects now: 1828.
Total: 1.814200 ms (FindLiveObjects: 0.162000 ms CreateObjectMapping: 0.050200 ms MarkObjects: 1.579800 ms  DeleteObjects: 0.021100 ms)

========================================================================
Received Import Request.
  Time since last request: 231.025149 seconds.
  path: Assets/ListView/Examples/DemoMain.cs
  artifactKey: Guid(aa51ead7a1fa19a48867a3984d2ef9ce) Importer(815301076,1909f56bfc062723c751e8b465ee728b)
Start importing Assets/ListView/Examples/DemoMain.cs using Guid(aa51ead7a1fa19a48867a3984d2ef9ce) Importer(815301076,1909f56bfc062723c751e8b465ee728b)  -> (artifact id: '538c699ea0f7712bc46ee06e4e019d86') in 0.009937 seconds
  Import took 0.012183 seconds .

========================================================================
Received Prepare
Refreshing native plugins compatible for Editor in 3.68 ms, found 2 plugins.
Preloading 0 native plugins for Editor in 0.00 ms.
Unloading 11 Unused Serialized files (Serialized files now loaded: 0)
System memory in use before: 40.6 MB.
System memory in use after: 40.7 MB.

Unloading 11 unused Assets to reduce memory usage. Loaded Objects now: 1828.
Total: 2.858000 ms (FindLiveObjects: 0.161700 ms CreateObjectMapping: 0.053500 ms MarkObjects: 2.611200 ms  DeleteObjects: 0.029600 ms)

AssetImportWorkerClient::OnTransportError - code=2 error=End of file
